-------------------------------------------------------------------------------
Test set: com.app.exception.MyExceptionTest
-------------------------------------------------------------------------------
Tests run: 1, Failures: 1, Errors: 0, Skipped: 0, Time elapsed: 0.008 s <<< FAILURE! - in com.app.exception.MyExceptionTest
test  Time elapsed: 0.006 s  <<< FAILURE!
org.opentest4j.AssertionFailedError: Not yet implemented
	at com.app.exception.MyExceptionTest.test(MyExceptionTest.java:13)

